<?xml version="1.0" encoding="utf-8"?><testsuites name="pytest tests"><testsuite name="pytest" errors="0" failures="0" skipped="0" tests="10" time="1.875" timestamp="2026-07-10T07:49:11.850181+00:00" hostname="agent-env-700707c1-97cf-4cd2-b2e2-6f12e9b3ac5c"><testcase classname="backend.tests.test_calendar.TestCalendarEndpoint" name="test_calendar_requires_auth" time="0.148" /><testcase classname="backend.tests.test_calendar.TestCalendarEndpoint" name="test_emma_calendar_shape_and_streak" time="0.632" /><testcase classname="backend.tests.test_calendar.TestCalendarEndpoint" name="test_emma_days_has_complete_and_partial" time="0.113" /><testcase classname="backend.tests.test_calendar.TestCalendarEndpoint" name="test_emma_milestones" time="0.138" /><testcase classname="backend.tests.test_calendar.TestCalendarEndpoint" name="test_liam_broken_streak" time="0.102" /><testcase classname="backend.tests.test_calendar.TestCalendarEndpoint" name="test_liam_no_milestones" time="0.100" /><testcase classname="backend.tests.test_calendar.TestCalendarEndpoint" name="test_liam_gap_day_not_in_completions_map" time="0.106" /><testcase classname="backend.tests.test_calendar.TestNoRegressions" name="test_progress_endpoint_still_works" time="0.101" /><testcase classname="backend.tests.test_calendar.TestNoRegressions" name="test_tasks_list" time="0.101" /><testcase classname="backend.tests.test_calendar.TestNoRegressions" name="test_family_me" time="0.133" /></testsuite></testsuites>