<?xml version="1.0" encoding="utf-8"?><testsuites name="pytest tests"><testsuite name="pytest" errors="0" failures="0" skipped="0" tests="15" time="2.860" timestamp="2026-07-10T08:04:30.993578+00:00" hostname="agent-env-700707c1-97cf-4cd2-b2e2-6f12e9b3ac5c"><testcase classname="backend.tests.test_calendar.TestCalendarEndpoint" name="test_calendar_requires_auth" time="0.158" /><testcase classname="backend.tests.test_calendar.TestCalendarEndpoint" name="test_emma_calendar_shape_and_streak" time="0.563" /><testcase classname="backend.tests.test_calendar.TestCalendarEndpoint" name="test_emma_days_has_complete_and_partial" time="0.130" /><testcase classname="backend.tests.test_calendar.TestCalendarEndpoint" name="test_emma_milestones" time="0.097" /><testcase classname="backend.tests.test_calendar.TestCalendarEndpoint" name="test_liam_broken_streak" time="0.112" /><testcase classname="backend.tests.test_calendar.TestCalendarEndpoint" name="test_liam_no_milestones" time="0.107" /><testcase classname="backend.tests.test_calendar.TestCalendarEndpoint" name="test_liam_gap_day_not_in_completions_map" time="0.099" /><testcase classname="backend.tests.test_calendar.TestVacationMode" name="test_calendar_response_shape_vacation_fields" time="0.100" /><testcase classname="backend.tests.test_calendar.TestVacationMode" name="test_future_vacation_does_not_break_streak" time="0.100" /><testcase classname="backend.tests.test_calendar.TestVacationMode" name="test_vacation_days_flagged_true_if_present" time="0.131" /><testcase classname="backend.tests.test_calendar.TestVacationMode" name="test_vacation_completion_edge_controlled" time="0.665" /><testcase classname="backend.tests.test_calendar.TestVacationMode" name="test_progress_streak_matches_calendar_current_streak" time="0.211" /><testcase classname="backend.tests.test_calendar.TestNoRegressions" name="test_progress_endpoint_still_works" time="0.099" /><testcase classname="backend.tests.test_calendar.TestNoRegressions" name="test_tasks_list" time="0.097" /><testcase classname="backend.tests.test_calendar.TestNoRegressions" name="test_family_me" time="0.091" /></testsuite></testsuites>