<?xml version="1.0" encoding="utf-8"?><testsuites name="pytest tests"><testsuite name="pytest" errors="0" failures="0" skipped="0" tests="15" time="23.847" timestamp="2026-07-09T08:07:29.796466+00:00" hostname="agent-env-700707c1-97cf-4cd2-b2e2-6f12e9b3ac5c"><testcase classname="backend.tests.backend_test.TestHealthAndSeed" name="test_health" time="0.216" /><testcase classname="backend.tests.backend_test.TestHealthAndSeed" name="test_verify_demo_seed" time="0.287" /><testcase classname="backend.tests.backend_test.TestAuth" name="test_review_login_success" time="0.284" /><testcase classname="backend.tests.backend_test.TestAuth" name="test_test_parent_login_success" time="0.270" /><testcase classname="backend.tests.backend_test.TestAuth" name="test_signup_new_user" time="0.269" /><testcase classname="backend.tests.backend_test.TestLoginRateLimitPerAccount" name="test_per_account_login_rate_limit" time="0.792" /><testcase classname="backend.tests.backend_test.TestTaskCreateValidation" name="test_task_missing_required_fields_returns_422" time="0.326" /><testcase classname="backend.tests.backend_test.TestTaskCreateValidation" name="test_task_valid_full_body_returns_200" time="0.089" /><testcase classname="backend.tests.backend_test.TestFamilyFlows" name="test_verify_code_review" time="0.045" /><testcase classname="backend.tests.backend_test.TestFamilyFlows" name="test_verify_code_test01" time="0.045" /><testcase classname="backend.tests.backend_test.TestFamilyFlows" name="test_visitor_review" time="0.048" /><testcase classname="backend.tests.backend_test.TestFamilyFlows" name="test_join_child_review" time="0.048" /><testcase classname="backend.tests.backend_test.TestFamilyFlows" name="test_verify_pin_1234" time="0.266" /><testcase classname="backend.tests.backend_test.TestAIEndpoints" name="test_adjust_difficulty_returns_200" time="16.110" /><testcase classname="backend.tests.backend_test.TestAIEndpoints" name="test_suggest_tasks_valid_categories" time="4.472" /></testsuite></testsuites>