<?xml version="1.0" encoding="utf-8"?><testsuites name="pytest tests"><testsuite name="pytest" errors="0" failures="0" skipped="0" tests="2" time="46.206" timestamp="2026-07-09T13:26:19.833888+00:00" hostname="agent-env-700707c1-97cf-4cd2-b2e2-6f12e9b3ac5c"><testcase classname="backend.tests.test_ai_auto_routines.TestAutoRoutinesRandomFailure" name="test_auto_routines_multiple_calls_no_500" time="37.578" /><testcase classname="backend.tests.test_ai_auto_routines.TestAutoRoutinesAgeHandling" name="test_auto_routines_with_and_without_age" time="8.446" /></testsuite></testsuites>