<?xml version="1.0" encoding="utf-8"?><testsuites name="pytest tests"><testsuite name="pytest" errors="0" failures="0" skipped="0" tests="7" time="4.102" timestamp="2026-07-09T14:23:31.333306+00:00" hostname="agent-env-700707c1-97cf-4cd2-b2e2-6f12e9b3ac5c"><testcase classname="backend.tests.test_auth_persistence.TestPinPersistence" name="test_wrong_pin_returns_403_not_401" time="0.748" /><testcase classname="backend.tests.test_auth_persistence.TestPinPersistence" name="test_correct_pin_after_wrong" time="0.644" /><testcase classname="backend.tests.test_auth_persistence.TestPinPersistence" name="test_session_still_valid_after_wrong_pin" time="0.481" /><testcase classname="backend.tests.test_auth_persistence.TestMultipleChildren" name="test_add_three_children_in_a_row" time="0.767" /><testcase classname="backend.tests.test_auth_persistence.TestTaskFlow" name="test_create_edit_delete_task" time="0.469" /><testcase classname="backend.tests.test_auth_persistence.TestTaskFlow" name="test_toggle_task_no_auth_error" time="0.485" /><testcase classname="backend.tests.test_auth_persistence.TestRewardFlow" name="test_reward_crud" time="0.321" /></testsuite></testsuites>